# JRE version: OpenJDK Runtime Environment (21.0.10+7) (build 21.0.10+7-Ubuntu-124.04)
# Java VM: OpenJDK 64-Bit Server VM (21.0.10+7-Ubuntu-124.04, mixed mode, sharing, tiered, compressed oops, compressed class ptrs, g1 gc, linux-amd64)
GC Precious Log:
 CardTable entry size: 512
 Card Set container configuration: InlinePtr #cards 4 size 8 Array Of Cards #cards 16 size 48 Howl #buckets 8 coarsen threshold 3686 Howl Bitmap #cards 512 size 80 coarsen threshold 460 Card regions per heap region 1 cards per card region 4096
 CPUs: 8 total, 8 available
 Memory: 11711M
 Large Page Support: Disabled
 NUMA Support: Disabled
 Compressed Oops: Enabled (Zero based)
 Heap Region Size: 2M
 Heap Min Capacity: 8M
 Heap Initial Capacity: 184M
 Heap Max Capacity: 2928M
 Pre-touch: Disabled
 Parallel Workers: 8
 Concurrent Workers: 2
 Concurrent Refinement Workers: 8
 Periodic GC: Disabled
Heap:
 garbage-first heap   total 61440K, used 56360K [0x0000000749000000, 0x0000000800000000)
  region size 2048K, 21 young (43008K), 4 survivors (8192K)
 Metaspace       used 25150K, committed 25600K, reserved 1114112K
  class space    used 3690K, committed 3904K, reserved 1048576K
GC Heap History (6 events):
Event: 0.715 GC heap before
{Heap before GC invocations=0 (full 0):
 garbage-first heap   total 190464K, used 21553K [0x0000000749000000, 0x0000000800000000)
  region size 2048K, 11 young (22528K), 0 survivors (0K)
 Metaspace       used 6867K, committed 7104K, reserved 1114112K
  class space    used 758K, committed 832K, reserved 1048576K
}
Event: 0.726 GC heap after
{Heap after GC invocations=1 (full 0):
 garbage-first heap   total 190464K, used 4857K [0x0000000749000000, 0x0000000800000000)
  region size 2048K, 2 young (4096K), 2 survivors (4096K)
 Metaspace       used 6867K, committed 7104K, reserved 1114112K
  class space    used 758K, committed 832K, reserved 1048576K
}
Event: 1.485 GC heap before
{Heap before GC invocations=1 (full 0):
 garbage-first heap   total 190464K, used 56057K [0x0000000749000000, 0x0000000800000000)
  region size 2048K, 27 young (55296K), 2 survivors (4096K)
 Metaspace       used 19006K, committed 19456K, reserved 1114112K
  class space    used 2799K, committed 3008K, reserved 1048576K
}
Event: 1.496 GC heap after
{Heap after GC invocations=2 (full 0):
 garbage-first heap   total 190464K, used 11349K [0x0000000749000000, 0x0000000800000000)
  region size 2048K, 4 young (8192K), 4 survivors (8192K)
 Metaspace       used 19006K, committed 19456K, reserved 1114112K
  class space    used 2799K, committed 3008K, reserved 1048576K
}
Event: 7.181 GC heap before
{Heap before GC invocations=2 (full 0):
 garbage-first heap   total 190464K, used 23637K [0x0000000749000000, 0x0000000800000000)
  region size 2048K, 10 young (20480K), 4 survivors (8192K)
 Metaspace       used 21082K, committed 21504K, reserved 1114112K
  class space    used 2993K, committed 3200K, reserved 1048576K
}
Event: 7.186 GC heap after
{Heap after GC invocations=3 (full 0):
 garbage-first heap   total 190464K, used 15400K [0x0000000749000000, 0x0000000800000000)
  region size 2048K, 4 young (8192K), 4 survivors (8192K)
 Metaspace       used 21082K, committed 21504K, reserved 1114112K
  class space    used 2993K, committed 3200K, reserved 1048576K
}

